Assembler report for chipmunks
Sat Mar 19 17:27:56 2022
Quartus Prime Version 19.1.0 Build 670 09/22/2019 SJ Lite Edition


---------------------
; Table of Contents ;
---------------------
  1. Legal Notice
  2. Assembler Summary
  3. Assembler Settings
  4. Assembler Generated Files
  5. Assembler Device Options: S:/lab-4-can-you-hear-me-now-IMMarcus09/task6/output_files/chipmunks.sof
  6. Assembler Device Options: S:/lab-4-can-you-hear-me-now-IMMarcus09/task6/output_files/chipmunks.pof
  7. Assembler Messages



----------------
; Legal Notice ;
----------------
Copyright (C) 2019  Intel Corporation. All rights reserved.
Your use of Intel Corporation's design tools, logic functions 
and other software and tools, and any partner logic 
functions, and any output files from any of the foregoing 
(including device programming or simulation files), and any 
associated documentation or information are expressly subject 
to the terms and conditions of the Intel Program License 
Subscription Agreement, the Intel Quartus Prime License Agreement,
the Intel FPGA IP License Agreement, or other applicable license
agreement, including, without limitation, that your use is for
the sole purpose of programming logic devices manufactured by
Intel and sold by Intel or its authorized distributors.  Please
refer to the applicable agreement for further details, at
https://fpgasoftware.intel.com/eula.



+---------------------------------------------------------------+
; Assembler Summary                                             ;
+-----------------------+---------------------------------------+
; Assembler Status      ; Successful - Sat Mar 19 17:27:56 2022 ;
; Revision Name         ; chipmunks                             ;
; Top-level Entity Name ; chipmunks                             ;
; Family                ; Cyclone V                             ;
; Device                ; 5CSEMA5F31C6                          ;
+-----------------------+---------------------------------------+


+----------------------------------+
; Assembler Settings               ;
+--------+---------+---------------+
; Option ; Setting ; Default Value ;
+--------+---------+---------------+


+--------------------------------------------------------------------------+
; Assembler Generated Files                                                ;
+--------------------------------------------------------------------------+
; File Name                                                                ;
+--------------------------------------------------------------------------+
; S:/lab-4-can-you-hear-me-now-IMMarcus09/task6/output_files/chipmunks.sof ;
; S:/lab-4-can-you-hear-me-now-IMMarcus09/task6/output_files/chipmunks.pof ;
+--------------------------------------------------------------------------+


+----------------------------------------------------------------------------------------------------+
; Assembler Device Options: S:/lab-4-can-you-hear-me-now-IMMarcus09/task6/output_files/chipmunks.sof ;
+----------------+-----------------------------------------------------------------------------------+
; Option         ; Setting                                                                           ;
+----------------+-----------------------------------------------------------------------------------+
; JTAG usercode  ; 0x00D330B5                                                                        ;
; Checksum       ; 0x00D330B5                                                                        ;
+----------------+-----------------------------------------------------------------------------------+


+----------------------------------------------------------------------------------------------------+
; Assembler Device Options: S:/lab-4-can-you-hear-me-now-IMMarcus09/task6/output_files/chipmunks.pof ;
+--------------------+-------------------------------------------------------------------------------+
; Option             ; Setting                                                                       ;
+--------------------+-------------------------------------------------------------------------------+
; JTAG usercode      ; 0x00000000                                                                    ;
; Checksum           ; 0xE2B1F12F                                                                    ;
; Compression Ratio  ; 3                                                                             ;
+--------------------+-------------------------------------------------------------------------------+


+--------------------+
; Assembler Messages ;
+--------------------+
Info: *******************************************************************
Info: Running Quartus Prime Assembler
    Info: Version 19.1.0 Build 670 09/22/2019 SJ Lite Edition
    Info: Processing started: Sat Mar 19 17:27:48 2022
Info: Command: quartus_asm --read_settings_files=off --write_settings_files=off chipmunks -c chipmunks
Warning (18236): Number of processors has not been specified which may cause overloading on shared machines.  Set the global assignment NUM_PARALLEL_PROCESSORS in your QSF to an appropriate value for best performance.
Info (115030): Assembler is generating device programming files
Info: Quartus Prime Assembler was successful. 0 errors, 1 warning
    Info: Peak virtual memory: 4846 megabytes
    Info: Processing ended: Sat Mar 19 17:27:56 2022
    Info: Elapsed time: 00:00:08
    Info: Total CPU time (on all processors): 00:00:07


